2015-11-10 15:26:56 10fc InnoDB: Warning: Using innodb_additional_mem_pool_size is DEPRECATED. This option may be removed in future releases, together with the option innodb_use_sys_malloc and with the InnoDB's internal memory allocator.
2015-11-10 15:26:56 4348 [Note] InnoDB: Using mutexes to ref count buffer pool pages
2015-11-10 15:26:56 4348 [Note] InnoDB: The InnoDB memory heap is disabled
2015-11-10 15:26:56 4348 [Note] InnoDB: Mutexes and rw_locks use Windows interlocked functions
2015-11-10 15:26:56 4348 [Note] InnoDB: Memory barrier is not used
2015-11-10 15:26:56 4348 [Note] InnoDB: Compressed tables use zlib 1.2.3
2015-11-10 15:26:56 4348 [Note] InnoDB: Not using CPU crc32 instructions
2015-11-10 15:26:56 4348 [Note] InnoDB: Initializing buffer pool, size = 16.0M
2015-11-10 15:26:56 4348 [Note] InnoDB: Completed initialization of buffer pool
2015-11-10 15:26:56 4348 [Note] InnoDB: Highest supported file format is Barracuda.
2015-11-10 15:26:57 4348 [Note] InnoDB: 128 rollback segment(s) are active.
2015-11-10 15:26:57 4348 [Note] InnoDB: Waiting for purge to start
2015-11-10 15:26:57 4348 [Note] InnoDB:  Percona XtraDB (http://www.percona.com) 5.6.26-74.0 started; log sequence number 1835027
2015-11-10 15:26:57 6140 [Note] InnoDB: Dumping buffer pool(s) not yet started
2015-11-10 15:26:57 4348 [Note] Plugin 'FEEDBACK' is disabled.
2015-11-10 15:26:57 4348 [Note] Server socket created on IP: '::'.
2015-11-10 15:26:57 4348 [Note] Event Scheduler: Loaded 0 events
2015-11-10 15:26:57 4348 [Note] C:\xampp\mysql\bin\mysqld.exe: ready for connections.
Version: '10.1.8-MariaDB'  socket: ''  port: 3306  mariadb.org binary distribution
2015-11-10 15:27:11 5152 [Note] C:\xampp\mysql\bin\mysqld.exe: Normal shutdown

2015-11-10 15:27:11 5152 [Note] Event Scheduler: Purging the queue. 0 events
2015-11-10 15:27:11 5732 [Note] InnoDB: FTS optimize thread exiting.
2015-11-10 15:27:11 5152 [Note] InnoDB: Starting shutdown...
2015-11-10 15:27:13 5152 [Note] InnoDB: Shutdown completed; log sequence number 1835037
2015-11-10 15:27:13 5152 [Note] C:\xampp\mysql\bin\mysqld.exe: Shutdown complete

2017-12-07 15:18:07 223c InnoDB: Warning: Using innodb_additional_mem_pool_size is DEPRECATED. This option may be removed in future releases, together with the option innodb_use_sys_malloc and with the InnoDB's internal memory allocator.
2017-12-07 15:18:07 8764 [Note] InnoDB: innodb_empty_free_list_algorithm has been changed to legacy because of small buffer pool size. In order to use backoff, increase buffer pool at least up to 20MB.

2017-12-07 15:18:07 8764 [Note] InnoDB: Using mutexes to ref count buffer pool pages
2017-12-07 15:18:07 8764 [Note] InnoDB: The InnoDB memory heap is disabled
2017-12-07 15:18:07 8764 [Note] InnoDB: Mutexes and rw_locks use Windows interlocked functions
2017-12-07 15:18:07 8764 [Note] InnoDB: _mm_lfence() and _mm_sfence() are used for memory barrier
2017-12-07 15:18:07 8764 [Note] InnoDB: Compressed tables use zlib 1.2.3
2017-12-07 15:18:07 8764 [Note] InnoDB: Using generic crc32 instructions
2017-12-07 15:18:07 8764 [Note] InnoDB: Initializing buffer pool, size = 16.0M
2017-12-07 15:18:07 8764 [Note] InnoDB: Completed initialization of buffer pool
2017-12-07 15:18:07 8764 [Note] InnoDB: Highest supported file format is Barracuda.
2017-12-07 15:18:07 8764 [Note] InnoDB: 128 rollback segment(s) are active.
2017-12-07 15:18:07 8764 [Note] InnoDB: Waiting for purge to start
2017-12-07 15:18:07 8764 [Note] InnoDB:  Percona XtraDB (http://www.percona.com) 5.6.36-82.2 started; log sequence number 1835037
2017-12-07 15:18:07 7152 [Note] InnoDB: Dumping buffer pool(s) not yet started
2017-12-07 15:18:07 8764 [Note] Plugin 'FEEDBACK' is disabled.
2017-12-07 15:18:07 8764 [Note] Server socket created on IP: '::'.
2017-12-07 15:18:08 8764 [Note] c:\xampp\mysql\bin\mysqld.exe: ready for connections.
Version: '10.1.28-MariaDB'  socket: ''  port: 3306  mariadb.org binary distribution
2017-12-07 15:53:01 114c InnoDB: Warning: Using innodb_additional_mem_pool_size is DEPRECATED. This option may be removed in future releases, together with the option innodb_use_sys_malloc and with the InnoDB's internal memory allocator.
2017-12-07 15:53:01 4428 [Note] InnoDB: innodb_empty_free_list_algorithm has been changed to legacy because of small buffer pool size. In order to use backoff, increase buffer pool at least up to 20MB.

2017-12-07 15:53:01 4428 [Note] InnoDB: Using mutexes to ref count buffer pool pages
2017-12-07 15:53:01 4428 [Note] InnoDB: The InnoDB memory heap is disabled
2017-12-07 15:53:01 4428 [Note] InnoDB: Mutexes and rw_locks use Windows interlocked functions
2017-12-07 15:53:01 4428 [Note] InnoDB: _mm_lfence() and _mm_sfence() are used for memory barrier
2017-12-07 15:53:01 4428 [Note] InnoDB: Compressed tables use zlib 1.2.3
2017-12-07 15:53:01 4428 [Note] InnoDB: Using generic crc32 instructions
2017-12-07 15:53:01 4428 [Note] InnoDB: Initializing buffer pool, size = 16.0M
2017-12-07 15:53:01 4428 [Note] InnoDB: Completed initialization of buffer pool
2017-12-07 15:53:02 4428 [Note] InnoDB: Highest supported file format is Barracuda.
2017-12-07 15:53:02 4428 [Note] InnoDB: The log sequence number 1835037 in ibdata file do not match the log sequence number 1835047 in the ib_logfiles!
2017-12-07 15:53:02 4428 [Note] InnoDB: Restoring possible half-written data pages from the doublewrite buffer...
2017-12-07 15:53:04 4428 [Note] InnoDB: 128 rollback segment(s) are active.
2017-12-07 15:53:04 4428 [Note] InnoDB: Waiting for purge to start
2017-12-07 15:53:04 4428 [Note] InnoDB:  Percona XtraDB (http://www.percona.com) 5.6.36-82.2 started; log sequence number 1835047
2017-12-07 15:53:04 8728 [Note] InnoDB: Dumping buffer pool(s) not yet started
2017-12-07 15:53:04 4428 [Note] Plugin 'FEEDBACK' is disabled.
2017-12-07 15:53:04 4428 [Note] Server socket created on IP: '::'.
2017-12-07 15:53:04 4428 [Note] c:\xampp\mysql\bin\mysqld.exe: ready for connections.
Version: '10.1.28-MariaDB'  socket: ''  port: 3306  mariadb.org binary distribution
2017-12-12 15:57:00 d4c InnoDB: Warning: Using innodb_additional_mem_pool_size is DEPRECATED. This option may be removed in future releases, together with the option innodb_use_sys_malloc and with the InnoDB's internal memory allocator.
2017-12-12 15:57:00 3404 [Note] InnoDB: innodb_empty_free_list_algorithm has been changed to legacy because of small buffer pool size. In order to use backoff, increase buffer pool at least up to 20MB.

2017-12-12 15:57:00 3404 [Note] InnoDB: Using mutexes to ref count buffer pool pages
2017-12-12 15:57:00 3404 [Note] InnoDB: The InnoDB memory heap is disabled
2017-12-12 15:57:00 3404 [Note] InnoDB: Mutexes and rw_locks use Windows interlocked functions
2017-12-12 15:57:00 3404 [Note] InnoDB: _mm_lfence() and _mm_sfence() are used for memory barrier
2017-12-12 15:57:00 3404 [Note] InnoDB: Compressed tables use zlib 1.2.3
2017-12-12 15:57:00 3404 [Note] InnoDB: Using generic crc32 instructions
2017-12-12 15:57:00 3404 [Note] InnoDB: Initializing buffer pool, size = 16.0M
2017-12-12 15:57:00 3404 [Note] InnoDB: Completed initialization of buffer pool
2017-12-12 15:57:00 3404 [Note] InnoDB: Highest supported file format is Barracuda.
2017-12-12 15:57:00 3404 [Note] InnoDB: The log sequence number 1835037 in ibdata file do not match the log sequence number 1835057 in the ib_logfiles!
2017-12-12 15:57:01 3404 [Note] InnoDB: Restoring possible half-written data pages from the doublewrite buffer...
2017-12-12 15:57:02 3404 [Note] InnoDB: 128 rollback segment(s) are active.
2017-12-12 15:57:02 3404 [Note] InnoDB: Waiting for purge to start
2017-12-12 15:57:02 3404 [Note] InnoDB:  Percona XtraDB (http://www.percona.com) 5.6.36-82.2 started; log sequence number 1835057
2017-12-12 15:57:02 7508 [Note] InnoDB: Dumping buffer pool(s) not yet started
2017-12-12 15:57:02 3404 [Note] Plugin 'FEEDBACK' is disabled.
2017-12-12 15:57:02 3404 [Note] Server socket created on IP: '::'.
2017-12-12 15:57:03 3404 [Note] c:\xampp\mysql\bin\mysqld.exe: ready for connections.
Version: '10.1.28-MariaDB'  socket: ''  port: 3306  mariadb.org binary distribution
2017-12-13 09:52:24 20c4 InnoDB: Warning: Using innodb_additional_mem_pool_size is DEPRECATED. This option may be removed in future releases, together with the option innodb_use_sys_malloc and with the InnoDB's internal memory allocator.
2017-12-13  9:52:24 8388 [Note] InnoDB: innodb_empty_free_list_algorithm has been changed to legacy because of small buffer pool size. In order to use backoff, increase buffer pool at least up to 20MB.

2017-12-13  9:52:24 8388 [Note] InnoDB: Using mutexes to ref count buffer pool pages
2017-12-13  9:52:24 8388 [Note] InnoDB: The InnoDB memory heap is disabled
2017-12-13  9:52:24 8388 [Note] InnoDB: Mutexes and rw_locks use Windows interlocked functions
2017-12-13  9:52:24 8388 [Note] InnoDB: _mm_lfence() and _mm_sfence() are used for memory barrier
2017-12-13  9:52:24 8388 [Note] InnoDB: Compressed tables use zlib 1.2.3
2017-12-13  9:52:24 8388 [Note] InnoDB: Using generic crc32 instructions
2017-12-13  9:52:24 8388 [Note] InnoDB: Initializing buffer pool, size = 16.0M
2017-12-13  9:52:24 8388 [Note] InnoDB: Completed initialization of buffer pool
2017-12-13  9:52:25 8388 [Note] InnoDB: Highest supported file format is Barracuda.
2017-12-13  9:52:25 8388 [Note] InnoDB: The log sequence number 1835037 in ibdata file do not match the log sequence number 1835067 in the ib_logfiles!
2017-12-13  9:52:27 8388 [Note] InnoDB: Restoring possible half-written data pages from the doublewrite buffer...
2017-12-13  9:52:31 8388 [Note] InnoDB: 128 rollback segment(s) are active.
2017-12-13  9:52:31 8388 [Note] InnoDB: Waiting for purge to start
2017-12-13  9:52:31 8388 [Note] InnoDB:  Percona XtraDB (http://www.percona.com) 5.6.36-82.2 started; log sequence number 1835067
2017-12-13  9:52:32 9404 [Note] InnoDB: Dumping buffer pool(s) not yet started
2017-12-13  9:52:32 8388 [Note] Plugin 'FEEDBACK' is disabled.
2017-12-13  9:52:32 8388 [Note] Server socket created on IP: '::'.
2017-12-13  9:52:35 8388 [Note] c:\xampp\mysql\bin\mysqld.exe: ready for connections.
Version: '10.1.28-MariaDB'  socket: ''  port: 3306  mariadb.org binary distribution
2017-12-13 15:00:56 1f28 InnoDB: Warning: Using innodb_additional_mem_pool_size is DEPRECATED. This option may be removed in future releases, together with the option innodb_use_sys_malloc and with the InnoDB's internal memory allocator.
2017-12-13 15:00:56 7976 [Note] InnoDB: innodb_empty_free_list_algorithm has been changed to legacy because of small buffer pool size. In order to use backoff, increase buffer pool at least up to 20MB.

2017-12-13 15:00:56 7976 [Note] InnoDB: Using mutexes to ref count buffer pool pages
2017-12-13 15:00:56 7976 [Note] InnoDB: The InnoDB memory heap is disabled
2017-12-13 15:00:56 7976 [Note] InnoDB: Mutexes and rw_locks use Windows interlocked functions
2017-12-13 15:00:56 7976 [Note] InnoDB: _mm_lfence() and _mm_sfence() are used for memory barrier
2017-12-13 15:00:56 7976 [Note] InnoDB: Compressed tables use zlib 1.2.3
2017-12-13 15:00:56 7976 [Note] InnoDB: Using generic crc32 instructions
2017-12-13 15:00:56 7976 [Note] InnoDB: Initializing buffer pool, size = 16.0M
2017-12-13 15:00:56 7976 [Note] InnoDB: Completed initialization of buffer pool
2017-12-13 15:00:57 7976 [Note] InnoDB: Highest supported file format is Barracuda.
2017-12-13 15:00:57 7976 [Note] InnoDB: The log sequence number 1835037 in ibdata file do not match the log sequence number 1835077 in the ib_logfiles!
2017-12-13 15:00:57 7976 [Note] InnoDB: Restoring possible half-written data pages from the doublewrite buffer...
2017-12-13 15:00:58 eec InnoDB: Warning: Using innodb_additional_mem_pool_size is DEPRECATED. This option may be removed in future releases, together with the option innodb_use_sys_malloc and with the InnoDB's internal memory allocator.
2017-12-13 15:00:58 3820 [Note] InnoDB: innodb_empty_free_list_algorithm has been changed to legacy because of small buffer pool size. In order to use backoff, increase buffer pool at least up to 20MB.

2017-12-13 15:00:58 3820 [Note] InnoDB: Using mutexes to ref count buffer pool pages
2017-12-13 15:00:58 3820 [Note] InnoDB: The InnoDB memory heap is disabled
2017-12-13 15:00:58 3820 [Note] InnoDB: Mutexes and rw_locks use Windows interlocked functions
2017-12-13 15:00:58 3820 [Note] InnoDB: _mm_lfence() and _mm_sfence() are used for memory barrier
2017-12-13 15:00:58 3820 [Note] InnoDB: Compressed tables use zlib 1.2.3
2017-12-13 15:00:58 3820 [Note] InnoDB: Using generic crc32 instructions
2017-12-13 15:00:58 3820 [Note] InnoDB: Initializing buffer pool, size = 16.0M
2017-12-13 15:00:58 3820 [Note] InnoDB: Completed initialization of buffer pool
2017-12-13 15:00:58 7976 [Note] InnoDB: 128 rollback segment(s) are active.
2017-12-13 15:00:58 7976 [Note] InnoDB: Waiting for purge to start
2017-12-13 15:00:58 3820 [ERROR] InnoDB: C:\xampp\mysql\data\ibdata1 can't be opened in read-write mode
2017-12-13 15:00:58 3820 [ERROR] InnoDB: The system tablespace must be writable!
2017-12-13 15:00:58 3820 [ERROR] Plugin 'InnoDB' init function returned error.
2017-12-13 15:00:58 7976 [Note] InnoDB:  Percona XtraDB (http://www.percona.com) 5.62.01376--1822-.123  s1t5a:r0t0e:d5; 8l o3g8 2sequence number0  1[8E3R5R0O7R7]
 Plugin 'InnoDB' registration as a STORAGE ENGINE failed.
2017-12-13 15:00:59 3820 [Note] Plugin 'FEEDBACK' is disabled.
2017-12-13 15:00:59 3820 [ERROR] Unknown/unsupported storage engine: InnoDB
2017-12-13 15:00:59 3820 [ERROR] Aborting

2017-12-13 15:00:59 8116 [Note] InnoDB: Dumping buffer pool(s) not yet started
2017-12-13 15:00:59 7976 [Note] Plugin 'FEEDBACK' is disabled.
2017-12-13 15:00:59 7976 [Note] Server socket created on IP: '::'.
2017-12-13 15:01:00 7976 [Note] c:\xampp\mysql\bin\mysqld.exe: ready for connections.
Version: '10.1.28-MariaDB'  socket: ''  port: 3306  mariadb.org binary distribution
2017-12-13 22:54:42 157c InnoDB: Warning: Using innodb_additional_mem_pool_size is DEPRECATED. This option may be removed in future releases, together with the option innodb_use_sys_malloc and with the InnoDB's internal memory allocator.
2017-12-13 22:54:42 5500 [Note] InnoDB: innodb_empty_free_list_algorithm has been changed to legacy because of small buffer pool size. In order to use backoff, increase buffer pool at least up to 20MB.

2017-12-13 22:54:42 5500 [Note] InnoDB: Using mutexes to ref count buffer pool pages
2017-12-13 22:54:42 5500 [Note] InnoDB: The InnoDB memory heap is disabled
2017-12-13 22:54:42 5500 [Note] InnoDB: Mutexes and rw_locks use Windows interlocked functions
2017-12-13 22:54:42 5500 [Note] InnoDB: _mm_lfence() and _mm_sfence() are used for memory barrier
2017-12-13 22:54:42 5500 [Note] InnoDB: Compressed tables use zlib 1.2.3
2017-12-13 22:54:42 5500 [Note] InnoDB: Using generic crc32 instructions
2017-12-13 22:54:42 5500 [Note] InnoDB: Initializing buffer pool, size = 16.0M
2017-12-13 22:54:42 5500 [Note] InnoDB: Completed initialization of buffer pool
2017-12-13 22:54:42 5500 [Note] InnoDB: Highest supported file format is Barracuda.
2017-12-13 22:54:42 5500 [Note] InnoDB: The log sequence number 1835037 in ibdata file do not match the log sequence number 1835087 in the ib_logfiles!
2017-12-13 22:54:43 5500 [Note] InnoDB: Restoring possible half-written data pages from the doublewrite buffer...
2017-12-13 22:54:44 5500 [Note] InnoDB: 128 rollback segment(s) are active.
2017-12-13 22:54:44 5500 [Note] InnoDB: Waiting for purge to start
2017-12-13 22:54:44 5500 [Note] InnoDB:  Percona XtraDB (http://www.percona.com) 5.6.36-82.2 started; log sequence number 1835087
2017-12-13 22:54:44 5900 [Note] InnoDB: Dumping buffer pool(s) not yet started
2017-12-13 22:54:44 5500 [Note] Plugin 'FEEDBACK' is disabled.
2017-12-13 22:54:44 5500 [Note] Server socket created on IP: '::'.
2017-12-13 22:54:45 5500 [Note] c:\xampp\mysql\bin\mysqld.exe: ready for connections.
Version: '10.1.28-MariaDB'  socket: ''  port: 3306  mariadb.org binary distribution
2017-12-15 09:10:13 1c18 InnoDB: Warning: Using innodb_additional_mem_pool_size is DEPRECATED. This option may be removed in future releases, together with the option innodb_use_sys_malloc and with the InnoDB's internal memory allocator.
2017-12-15  9:10:13 7192 [Note] InnoDB: innodb_empty_free_list_algorithm has been changed to legacy because of small buffer pool size. In order to use backoff, increase buffer pool at least up to 20MB.

2017-12-15  9:10:13 7192 [Note] InnoDB: Using mutexes to ref count buffer pool pages
2017-12-15  9:10:13 7192 [Note] InnoDB: The InnoDB memory heap is disabled
2017-12-15  9:10:13 7192 [Note] InnoDB: Mutexes and rw_locks use Windows interlocked functions
2017-12-15  9:10:13 7192 [Note] InnoDB: _mm_lfence() and _mm_sfence() are used for memory barrier
2017-12-15  9:10:13 7192 [Note] InnoDB: Compressed tables use zlib 1.2.3
2017-12-15  9:10:13 7192 [Note] InnoDB: Using generic crc32 instructions
2017-12-15  9:10:13 7192 [Note] InnoDB: Initializing buffer pool, size = 16.0M
2017-12-15  9:10:13 7192 [Note] InnoDB: Completed initialization of buffer pool
2017-12-15  9:10:14 7192 [Note] InnoDB: Highest supported file format is Barracuda.
2017-12-15  9:10:14 7192 [Note] InnoDB: The log sequence number 1835037 in ibdata file do not match the log sequence number 1835097 in the ib_logfiles!
2017-12-15  9:10:14 7192 [Note] InnoDB: Restoring possible half-written data pages from the doublewrite buffer...
2017-12-15  9:10:15 7192 [Note] InnoDB: 128 rollback segment(s) are active.
2017-12-15  9:10:15 7192 [Note] InnoDB: Waiting for purge to start
2017-12-15  9:10:15 7192 [Note] InnoDB:  Percona XtraDB (http://www.percona.com) 5.6.36-82.2 started; log sequence number 1835097
2017-12-15  9:10:16 1996 [Note] InnoDB: Dumping buffer pool(s) not yet started
2017-12-15  9:10:16 7192 [Note] Plugin 'FEEDBACK' is disabled.
2017-12-15  9:10:16 7192 [Note] Server socket created on IP: '::'.
2017-12-15  9:10:16 7192 [Note] c:\xampp\mysql\bin\mysqld.exe: ready for connections.
Version: '10.1.28-MariaDB'  socket: ''  port: 3306  mariadb.org binary distribution
2017-12-15 09:44:16 eb0 InnoDB: Warning: Using innodb_additional_mem_pool_size is DEPRECATED. This option may be removed in future releases, together with the option innodb_use_sys_malloc and with the InnoDB's internal memory allocator.
2017-12-15  9:44:16 3760 [Note] InnoDB: innodb_empty_free_list_algorithm has been changed to legacy because of small buffer pool size. In order to use backoff, increase buffer pool at least up to 20MB.

2017-12-15  9:44:16 3760 [Note] InnoDB: Using mutexes to ref count buffer pool pages
2017-12-15  9:44:16 3760 [Note] InnoDB: The InnoDB memory heap is disabled
2017-12-15  9:44:16 3760 [Note] InnoDB: Mutexes and rw_locks use Windows interlocked functions
2017-12-15  9:44:16 3760 [Note] InnoDB: _mm_lfence() and _mm_sfence() are used for memory barrier
2017-12-15  9:44:16 3760 [Note] InnoDB: Compressed tables use zlib 1.2.3
2017-12-15  9:44:16 3760 [Note] InnoDB: Using generic crc32 instructions
2017-12-15  9:44:16 3760 [Note] InnoDB: Initializing buffer pool, size = 16.0M
2017-12-15  9:44:16 3760 [Note] InnoDB: Completed initialization of buffer pool
2017-12-15  9:44:17 3760 [Note] InnoDB: Highest supported file format is Barracuda.
2017-12-15  9:44:17 3760 [Note] InnoDB: The log sequence number 1835037 in ibdata file do not match the log sequence number 1835107 in the ib_logfiles!
2017-12-15  9:44:17 3760 [Note] InnoDB: Restoring possible half-written data pages from the doublewrite buffer...
2017-12-15  9:44:19 3760 [Note] InnoDB: 128 rollback segment(s) are active.
2017-12-15  9:44:19 3760 [Note] InnoDB: Waiting for purge to start
2017-12-15  9:44:19 3760 [Note] InnoDB:  Percona XtraDB (http://www.percona.com) 5.6.36-82.2 started; log sequence number 1835107
2017-12-15  9:44:19 4848 [Note] InnoDB: Dumping buffer pool(s) not yet started
2017-12-15  9:44:19 3760 [Note] Plugin 'FEEDBACK' is disabled.
2017-12-15  9:44:19 3760 [Note] Server socket created on IP: '::'.
2017-12-15  9:44:19 3760 [Note] c:\xampp\mysql\bin\mysqld.exe: ready for connections.
Version: '10.1.28-MariaDB'  socket: ''  port: 3306  mariadb.org binary distribution
2017-12-15 09:44:50 14e0 InnoDB: Warning: Using innodb_additional_mem_pool_size is DEPRECATED. This option may be removed in future releases, together with the option innodb_use_sys_malloc and with the InnoDB's internal memory allocator.
2017-12-15  9:44:50 5344 [Note] InnoDB: innodb_empty_free_list_algorithm has been changed to legacy because of small buffer pool size. In order to use backoff, increase buffer pool at least up to 20MB.

2017-12-15  9:44:50 5344 [Note] InnoDB: Using mutexes to ref count buffer pool pages
2017-12-15  9:44:50 5344 [Note] InnoDB: The InnoDB memory heap is disabled
2017-12-15  9:44:50 5344 [Note] InnoDB: Mutexes and rw_locks use Windows interlocked functions
2017-12-15  9:44:50 5344 [Note] InnoDB: _mm_lfence() and _mm_sfence() are used for memory barrier
2017-12-15  9:44:50 5344 [Note] InnoDB: Compressed tables use zlib 1.2.3
2017-12-15  9:44:50 5344 [Note] InnoDB: Using generic crc32 instructions
2017-12-15  9:44:50 5344 [Note] InnoDB: Initializing buffer pool, size = 16.0M
2017-12-15  9:44:50 5344 [Note] InnoDB: Completed initialization of buffer pool
2017-12-15  9:44:50 5344 [Note] InnoDB: Highest supported file format is Barracuda.
2017-12-15  9:44:50 5344 [Note] InnoDB: The log sequence number 1835037 in ibdata file do not match the log sequence number 1835117 in the ib_logfiles!
2017-12-15  9:44:51 5344 [Note] InnoDB: Restoring possible half-written data pages from the doublewrite buffer...
2017-12-15  9:44:51 5344 [Note] InnoDB: 128 rollback segment(s) are active.
2017-12-15  9:44:51 5344 [Note] InnoDB: Waiting for purge to start
2017-12-15  9:44:52 5344 [Note] InnoDB:  Percona XtraDB (http://www.percona.com) 5.6.36-82.2 started; log sequence number 1835117
2017-12-15  9:44:52 5380 [Note] InnoDB: Dumping buffer pool(s) not yet started
2017-12-15  9:44:52 5344 [Note] Plugin 'FEEDBACK' is disabled.
2017-12-15  9:44:52 5344 [Note] Server socket created on IP: '::'.
2017-12-15  9:44:52 5344 [Note] c:\xampp\mysql\bin\mysqld.exe: ready for connections.
Version: '10.1.28-MariaDB'  socket: ''  port: 3306  mariadb.org binary distribution
2017-12-23 14:35:28 20fc InnoDB: Warning: Using innodb_additional_mem_pool_size is DEPRECATED. This option may be removed in future releases, together with the option innodb_use_sys_malloc and with the InnoDB's internal memory allocator.
2017-12-23 14:35:28 8444 [Note] InnoDB: innodb_empty_free_list_algorithm has been changed to legacy because of small buffer pool size. In order to use backoff, increase buffer pool at least up to 20MB.

2017-12-23 14:35:28 8444 [Note] InnoDB: Using mutexes to ref count buffer pool pages
2017-12-23 14:35:28 8444 [Note] InnoDB: The InnoDB memory heap is disabled
2017-12-23 14:35:28 8444 [Note] InnoDB: Mutexes and rw_locks use Windows interlocked functions
2017-12-23 14:35:28 8444 [Note] InnoDB: _mm_lfence() and _mm_sfence() are used for memory barrier
2017-12-23 14:35:28 8444 [Note] InnoDB: Compressed tables use zlib 1.2.3
2017-12-23 14:35:28 8444 [Note] InnoDB: Using generic crc32 instructions
2017-12-23 14:35:28 8444 [Note] InnoDB: Initializing buffer pool, size = 16.0M
2017-12-23 14:35:28 8444 [Note] InnoDB: Completed initialization of buffer pool
2017-12-23 14:35:28 8444 [Note] InnoDB: Highest supported file format is Barracuda.
2017-12-23 14:35:28 8444 [Note] InnoDB: The log sequence number 1835037 in ibdata file do not match the log sequence number 1835127 in the ib_logfiles!
2017-12-23 14:35:29 8444 [Note] InnoDB: Restoring possible half-written data pages from the doublewrite buffer...
2017-12-23 14:35:29 8444 [Note] InnoDB: 128 rollback segment(s) are active.
2017-12-23 14:35:29 8444 [Note] InnoDB: Waiting for purge to start
2017-12-23 14:35:30 8444 [Note] InnoDB:  Percona XtraDB (http://www.percona.com) 5.6.36-82.2 started; log sequence number 1835127
2017-12-23 14:35:30 6436 [Note] InnoDB: Dumping buffer pool(s) not yet started
2017-12-23 14:35:30 8444 [Note] Plugin 'FEEDBACK' is disabled.
2017-12-23 14:35:30 8444 [Note] Server socket created on IP: '::'.
2017-12-23 14:35:31 8444 [Note] c:\xampp\mysql\bin\mysqld.exe: ready for connections.
Version: '10.1.28-MariaDB'  socket: ''  port: 3306  mariadb.org binary distribution
2017-12-23 14:43:43 218c InnoDB: Warning: Using innodb_additional_mem_pool_size is DEPRECATED. This option may be removed in future releases, together with the option innodb_use_sys_malloc and with the InnoDB's internal memory allocator.
2017-12-23 14:43:43 8588 [Note] InnoDB: innodb_empty_free_list_algorithm has been changed to legacy because of small buffer pool size. In order to use backoff, increase buffer pool at least up to 20MB.

2017-12-23 14:43:43 8588 [Note] InnoDB: Using mutexes to ref count buffer pool pages
2017-12-23 14:43:43 8588 [Note] InnoDB: The InnoDB memory heap is disabled
2017-12-23 14:43:43 8588 [Note] InnoDB: Mutexes and rw_locks use Windows interlocked functions
2017-12-23 14:43:43 8588 [Note] InnoDB: _mm_lfence() and _mm_sfence() are used for memory barrier
2017-12-23 14:43:43 8588 [Note] InnoDB: Compressed tables use zlib 1.2.3
2017-12-23 14:43:43 8588 [Note] InnoDB: Using generic crc32 instructions
2017-12-23 14:43:43 8588 [Note] InnoDB: Initializing buffer pool, size = 16.0M
2017-12-23 14:43:43 8588 [Note] InnoDB: Completed initialization of buffer pool
2017-12-23 14:43:43 8588 [Note] InnoDB: Highest supported file format is Barracuda.
2017-12-23 14:43:43 8588 [Note] InnoDB: The log sequence number 1835037 in ibdata file do not match the log sequence number 1835137 in the ib_logfiles!
2017-12-23 14:43:43 8588 [Note] InnoDB: Restoring possible half-written data pages from the doublewrite buffer...
2017-12-23 14:43:44 8588 [Note] InnoDB: 128 rollback segment(s) are active.
2017-12-23 14:43:44 8588 [Note] InnoDB: Waiting for purge to start
2017-12-23 14:43:44 8588 [Note] InnoDB:  Percona XtraDB (http://www.percona.com) 5.6.36-82.2 started; log sequence number 1835137
2017-12-23 14:43:44 3160 [Note] InnoDB: Dumping buffer pool(s) not yet started
2017-12-23 14:43:44 8588 [Note] Plugin 'FEEDBACK' is disabled.
2017-12-23 14:43:44 8588 [Note] Server socket created on IP: '::'.
2017-12-23 14:43:44 8588 [Note] c:\xampp\mysql\bin\mysqld.exe: ready for connections.
Version: '10.1.28-MariaDB'  socket: ''  port: 3306  mariadb.org binary distribution
2017-12-23 14:46:57 1950 InnoDB: Warning: Using innodb_additional_mem_pool_size is DEPRECATED. This option may be removed in future releases, together with the option innodb_use_sys_malloc and with the InnoDB's internal memory allocator.
2017-12-23 14:46:57 6480 [Note] InnoDB: innodb_empty_free_list_algorithm has been changed to legacy because of small buffer pool size. In order to use backoff, increase buffer pool at least up to 20MB.

2017-12-23 14:46:57 6480 [Note] InnoDB: Using mutexes to ref count buffer pool pages
2017-12-23 14:46:57 6480 [Note] InnoDB: The InnoDB memory heap is disabled
2017-12-23 14:46:57 6480 [Note] InnoDB: Mutexes and rw_locks use Windows interlocked functions
2017-12-23 14:46:57 6480 [Note] InnoDB: _mm_lfence() and _mm_sfence() are used for memory barrier
2017-12-23 14:46:57 6480 [Note] InnoDB: Compressed tables use zlib 1.2.3
2017-12-23 14:46:57 6480 [Note] InnoDB: Using generic crc32 instructions
2017-12-23 14:46:57 6480 [Note] InnoDB: Initializing buffer pool, size = 16.0M
2017-12-23 14:46:57 6480 [Note] InnoDB: Completed initialization of buffer pool
2017-12-23 14:46:57 6480 [Note] InnoDB: Highest supported file format is Barracuda.
2017-12-23 14:46:57 6480 [Note] InnoDB: The log sequence number 1835037 in ibdata file do not match the log sequence number 1835147 in the ib_logfiles!
2017-12-23 14:46:57 6480 [Note] InnoDB: Restoring possible half-written data pages from the doublewrite buffer...
2017-12-23 14:46:58 6480 [Note] InnoDB: 128 rollback segment(s) are active.
2017-12-23 14:46:58 6480 [Note] InnoDB: Waiting for purge to start
2017-12-23 14:46:58 6480 [Note] InnoDB:  Percona XtraDB (http://www.percona.com) 5.6.36-82.2 started; log sequence number 1835147
2017-12-23 14:46:58 616 [Note] InnoDB: Dumping buffer pool(s) not yet started
2017-12-23 14:46:58 6480 [Note] Plugin 'FEEDBACK' is disabled.
2017-12-23 14:46:58 6480 [Note] Server socket created on IP: '::'.
2017-12-23 14:46:58 6480 [Note] c:\xampp\mysql\bin\mysqld.exe: ready for connections.
Version: '10.1.28-MariaDB'  socket: ''  port: 3306  mariadb.org binary distribution
2017-12-23 14:56:30 45c InnoDB: Warning: Using innodb_additional_mem_pool_size is DEPRECATED. This option may be removed in future releases, together with the option innodb_use_sys_malloc and with the InnoDB's internal memory allocator.
2017-12-23 14:56:30 1116 [Note] InnoDB: innodb_empty_free_list_algorithm has been changed to legacy because of small buffer pool size. In order to use backoff, increase buffer pool at least up to 20MB.

2017-12-23 14:56:30 1116 [Note] InnoDB: Using mutexes to ref count buffer pool pages
2017-12-23 14:56:30 1116 [Note] InnoDB: The InnoDB memory heap is disabled
2017-12-23 14:56:30 1116 [Note] InnoDB: Mutexes and rw_locks use Windows interlocked functions
2017-12-23 14:56:30 1116 [Note] InnoDB: _mm_lfence() and _mm_sfence() are used for memory barrier
2017-12-23 14:56:30 1116 [Note] InnoDB: Compressed tables use zlib 1.2.3
2017-12-23 14:56:30 1116 [Note] InnoDB: Using generic crc32 instructions
2017-12-23 14:56:30 1116 [Note] InnoDB: Initializing buffer pool, size = 16.0M
2017-12-23 14:56:30 1116 [Note] InnoDB: Completed initialization of buffer pool
2017-12-23 14:56:30 1116 [Note] InnoDB: Highest supported file format is Barracuda.
2017-12-23 14:56:30 1116 [Note] InnoDB: The log sequence number 1835037 in ibdata file do not match the log sequence number 1835157 in the ib_logfiles!
2017-12-23 14:56:31 1116 [Note] InnoDB: Restoring possible half-written data pages from the doublewrite buffer...
2017-12-23 14:56:31 1116 [Note] InnoDB: 128 rollback segment(s) are active.
2017-12-23 14:56:31 1116 [Note] InnoDB: Waiting for purge to start
2017-12-23 14:56:32 1116 [Note] InnoDB:  Percona XtraDB (http://www.percona.com) 5.6.36-82.2 started; log sequence number 1835157
2017-12-23 14:56:32 8452 [Note] InnoDB: Dumping buffer pool(s) not yet started
2017-12-23 14:56:32 1116 [Note] Plugin 'FEEDBACK' is disabled.
2017-12-23 14:56:32 1116 [Note] Server socket created on IP: '::'.
2017-12-23 14:56:32 1116 [Note] c:\xampp\mysql\bin\mysqld.exe: ready for connections.
Version: '10.1.28-MariaDB'  socket: ''  port: 3306  mariadb.org binary distribution
2017-12-23 18:17:59 f84 InnoDB: Warning: Using innodb_additional_mem_pool_size is DEPRECATED. This option may be removed in future releases, together with the option innodb_use_sys_malloc and with the InnoDB's internal memory allocator.
2017-12-23 18:17:59 3972 [Note] InnoDB: innodb_empty_free_list_algorithm has been changed to legacy because of small buffer pool size. In order to use backoff, increase buffer pool at least up to 20MB.

2017-12-23 18:17:59 3972 [Note] InnoDB: Using mutexes to ref count buffer pool pages
2017-12-23 18:17:59 3972 [Note] InnoDB: The InnoDB memory heap is disabled
2017-12-23 18:17:59 3972 [Note] InnoDB: Mutexes and rw_locks use Windows interlocked functions
2017-12-23 18:17:59 3972 [Note] InnoDB: _mm_lfence() and _mm_sfence() are used for memory barrier
2017-12-23 18:17:59 3972 [Note] InnoDB: Compressed tables use zlib 1.2.3
2017-12-23 18:17:59 3972 [Note] InnoDB: Using generic crc32 instructions
2017-12-23 18:17:59 3972 [Note] InnoDB: Initializing buffer pool, size = 16.0M
2017-12-23 18:17:59 3972 [Note] InnoDB: Completed initialization of buffer pool
2017-12-23 18:17:59 3972 [Note] InnoDB: Highest supported file format is Barracuda.
2017-12-23 18:17:59 3972 [Note] InnoDB: The log sequence number 1835037 in ibdata file do not match the log sequence number 1835167 in the ib_logfiles!
2017-12-23 18:18:00 3972 [Note] InnoDB: Restoring possible half-written data pages from the doublewrite buffer...
2017-12-23 18:18:00 3972 [Note] InnoDB: 128 rollback segment(s) are active.
2017-12-23 18:18:00 3972 [Note] InnoDB: Waiting for purge to start
2017-12-23 18:18:01 3972 [Note] InnoDB:  Percona XtraDB (http://www.percona.com) 5.6.36-82.2 started; log sequence number 1835167
2017-12-23 18:18:01 7912 [Note] InnoDB: Dumping buffer pool(s) not yet started
2017-12-23 18:18:01 3972 [Note] Plugin 'FEEDBACK' is disabled.
2017-12-23 18:18:01 3972 [Note] Server socket created on IP: '::'.
2017-12-23 18:18:01 3972 [Note] c:\xampp\mysql\bin\mysqld.exe: ready for connections.
Version: '10.1.28-MariaDB'  socket: ''  port: 3306  mariadb.org binary distribution
2017-12-29 16:23:33 16dc InnoDB: Warning: Using innodb_additional_mem_pool_size is DEPRECATED. This option may be removed in future releases, together with the option innodb_use_sys_malloc and with the InnoDB's internal memory allocator.
2017-12-29 16:23:33 5852 [Note] InnoDB: innodb_empty_free_list_algorithm has been changed to legacy because of small buffer pool size. In order to use backoff, increase buffer pool at least up to 20MB.

2017-12-29 16:23:33 5852 [Note] InnoDB: Using mutexes to ref count buffer pool pages
2017-12-29 16:23:33 5852 [Note] InnoDB: The InnoDB memory heap is disabled
2017-12-29 16:23:33 5852 [Note] InnoDB: Mutexes and rw_locks use Windows interlocked functions
2017-12-29 16:23:33 5852 [Note] InnoDB: _mm_lfence() and _mm_sfence() are used for memory barrier
2017-12-29 16:23:33 5852 [Note] InnoDB: Compressed tables use zlib 1.2.3
2017-12-29 16:23:33 5852 [Note] InnoDB: Using generic crc32 instructions
2017-12-29 16:23:33 5852 [Note] InnoDB: Initializing buffer pool, size = 16.0M
2017-12-29 16:23:33 5852 [Note] InnoDB: Completed initialization of buffer pool
2017-12-29 16:23:34 5852 [Note] InnoDB: Highest supported file format is Barracuda.
2017-12-29 16:23:34 5852 [Note] InnoDB: The log sequence number 1835037 in ibdata file do not match the log sequence number 1835177 in the ib_logfiles!
2017-12-29 16:23:34 5852 [Note] InnoDB: Restoring possible half-written data pages from the doublewrite buffer...
2017-12-29 16:23:35 5852 [Note] InnoDB: 128 rollback segment(s) are active.
2017-12-29 16:23:35 5852 [Note] InnoDB: Waiting for purge to start
2017-12-29 16:23:35 5852 [Note] InnoDB:  Percona XtraDB (http://www.percona.com) 5.6.36-82.2 started; log sequence number 1835177
2017-12-29 16:23:35 8524 [Note] InnoDB: Dumping buffer pool(s) not yet started
2017-12-29 16:23:35 5852 [Note] Plugin 'FEEDBACK' is disabled.
2017-12-29 16:23:35 5852 [Note] Server socket created on IP: '::'.
2017-12-29 16:23:36 5852 [Note] c:\xampp\mysql\bin\mysqld.exe: ready for connections.
Version: '10.1.28-MariaDB'  socket: ''  port: 3306  mariadb.org binary distribution
2017-12-29 16:39:19 147c InnoDB: Warning: Using innodb_additional_mem_pool_size is DEPRECATED. This option may be removed in future releases, together with the option innodb_use_sys_malloc and with the InnoDB's internal memory allocator.
2017-12-29 16:39:19 5244 [Note] InnoDB: innodb_empty_free_list_algorithm has been changed to legacy because of small buffer pool size. In order to use backoff, increase buffer pool at least up to 20MB.

2017-12-29 16:39:19 5244 [Note] InnoDB: Using mutexes to ref count buffer pool pages
2017-12-29 16:39:19 5244 [Note] InnoDB: The InnoDB memory heap is disabled
2017-12-29 16:39:19 5244 [Note] InnoDB: Mutexes and rw_locks use Windows interlocked functions
2017-12-29 16:39:19 5244 [Note] InnoDB: _mm_lfence() and _mm_sfence() are used for memory barrier
2017-12-29 16:39:19 5244 [Note] InnoDB: Compressed tables use zlib 1.2.3
2017-12-29 16:39:19 5244 [Note] InnoDB: Using generic crc32 instructions
2017-12-29 16:39:19 5244 [Note] InnoDB: Initializing buffer pool, size = 16.0M
2017-12-29 16:39:19 5244 [Note] InnoDB: Completed initialization of buffer pool
2017-12-29 16:39:19 5244 [Note] InnoDB: Highest supported file format is Barracuda.
2017-12-29 16:39:19 5244 [Note] InnoDB: The log sequence number 1835037 in ibdata file do not match the log sequence number 1835187 in the ib_logfiles!
2017-12-29 16:39:20 5244 [Note] InnoDB: Restoring possible half-written data pages from the doublewrite buffer...
2017-12-29 16:39:21 5244 [Note] InnoDB: 128 rollback segment(s) are active.
2017-12-29 16:39:21 5244 [Note] InnoDB: Waiting for purge to start
2017-12-29 16:39:21 5244 [Note] InnoDB:  Percona XtraDB (http://www.percona.com) 5.6.36-82.2 started; log sequence number 1835187
2017-12-29 16:39:21 3328 [Note] InnoDB: Dumping buffer pool(s) not yet started
2017-12-29 16:39:21 5244 [Note] Plugin 'FEEDBACK' is disabled.
2017-12-29 16:39:21 5244 [Note] Server socket created on IP: '::'.
2017-12-29 16:39:21 5244 [Note] c:\xampp\mysql\bin\mysqld.exe: ready for connections.
Version: '10.1.28-MariaDB'  socket: ''  port: 3306  mariadb.org binary distribution
2018-01-04 11:58:45 13d0 InnoDB: Warning: Using innodb_additional_mem_pool_size is DEPRECATED. This option may be removed in future releases, together with the option innodb_use_sys_malloc and with the InnoDB's internal memory allocator.
2018-01-04 11:58:45 5072 [Note] InnoDB: innodb_empty_free_list_algorithm has been changed to legacy because of small buffer pool size. In order to use backoff, increase buffer pool at least up to 20MB.

2018-01-04 11:58:45 5072 [Note] InnoDB: Using mutexes to ref count buffer pool pages
2018-01-04 11:58:45 5072 [Note] InnoDB: The InnoDB memory heap is disabled
2018-01-04 11:58:45 5072 [Note] InnoDB: Mutexes and rw_locks use Windows interlocked functions
2018-01-04 11:58:45 5072 [Note] InnoDB: _mm_lfence() and _mm_sfence() are used for memory barrier
2018-01-04 11:58:45 5072 [Note] InnoDB: Compressed tables use zlib 1.2.3
2018-01-04 11:58:45 5072 [Note] InnoDB: Using generic crc32 instructions
2018-01-04 11:58:46 5072 [Note] InnoDB: Initializing buffer pool, size = 16.0M
2018-01-04 11:58:46 5072 [Note] InnoDB: Completed initialization of buffer pool
2018-01-04 11:58:46 5072 [Note] InnoDB: Highest supported file format is Barracuda.
2018-01-04 11:58:46 5072 [Note] InnoDB: The log sequence number 1835037 in ibdata file do not match the log sequence number 1835197 in the ib_logfiles!
2018-01-04 11:58:47 5072 [Note] InnoDB: Restoring possible half-written data pages from the doublewrite buffer...
2018-01-04 11:58:48 5072 [Note] InnoDB: 128 rollback segment(s) are active.
2018-01-04 11:58:48 5072 [Note] InnoDB: Waiting for purge to start
2018-01-04 11:58:48 5072 [Note] InnoDB:  Percona XtraDB (http://www.percona.com) 5.6.36-82.2 started; log sequence number 1835197
2018-01-04 11:58:49 7164 [Note] InnoDB: Dumping buffer pool(s) not yet started
2018-01-04 11:58:49 5072 [Note] Plugin 'FEEDBACK' is disabled.
2018-01-04 11:58:49 5072 [Note] Server socket created on IP: '::'.
2018-01-04 11:58:50 5072 [Note] c:\xampp\mysql\bin\mysqld.exe: ready for connections.
Version: '10.1.28-MariaDB'  socket: ''  port: 3306  mariadb.org binary distribution
2018-01-04 12:24:11 2638 InnoDB: Warning: Using innodb_additional_mem_pool_size is DEPRECATED. This option may be removed in future releases, together with the option innodb_use_sys_malloc and with the InnoDB's internal memory allocator.
2018-01-04 12:24:11 9784 [Note] InnoDB: innodb_empty_free_list_algorithm has been changed to legacy because of small buffer pool size. In order to use backoff, increase buffer pool at least up to 20MB.

2018-01-04 12:24:12 9784 [Note] InnoDB: Using mutexes to ref count buffer pool pages
2018-01-04 12:24:12 9784 [Note] InnoDB: The InnoDB memory heap is disabled
2018-01-04 12:24:12 9784 [Note] InnoDB: Mutexes and rw_locks use Windows interlocked functions
2018-01-04 12:24:12 9784 [Note] InnoDB: _mm_lfence() and _mm_sfence() are used for memory barrier
2018-01-04 12:24:12 9784 [Note] InnoDB: Compressed tables use zlib 1.2.3
2018-01-04 12:24:12 9784 [Note] InnoDB: Using generic crc32 instructions
2018-01-04 12:24:12 9784 [Note] InnoDB: Initializing buffer pool, size = 16.0M
2018-01-04 12:24:12 9784 [Note] InnoDB: Completed initialization of buffer pool
2018-01-04 12:24:12 9784 [Note] InnoDB: Highest supported file format is Barracuda.
2018-01-04 12:24:12 9784 [Note] InnoDB: The log sequence number 1835037 in ibdata file do not match the log sequence number 1835207 in the ib_logfiles!
2018-01-04 12:24:13 9784 [Note] InnoDB: Restoring possible half-written data pages from the doublewrite buffer...
2018-01-04 12:24:14 9784 [Note] InnoDB: 128 rollback segment(s) are active.
2018-01-04 12:24:14 9784 [Note] InnoDB: Waiting for purge to start
2018-01-04 12:24:14 9784 [Note] InnoDB:  Percona XtraDB (http://www.percona.com) 5.6.36-82.2 started; log sequence number 1835207
2018-01-04 12:24:15 9148 [Note] InnoDB: Dumping buffer pool(s) not yet started
2018-01-04 12:24:15 9784 [Note] Plugin 'FEEDBACK' is disabled.
2018-01-04 12:24:15 9784 [Note] Server socket created on IP: '::'.
2018-01-04 12:24:15 9784 [Note] c:\xampp\mysql\bin\mysqld.exe: ready for connections.
Version: '10.1.28-MariaDB'  socket: ''  port: 3306  mariadb.org binary distribution
