15:56:04  [main] 	Initializing Control Panel
15:56:04  [main] 	Windows Version:  Pro  64-bit
15:56:04  [main] 	XAMPP Version: 7.1.11
15:56:04  [main] 	Control Panel Version: 3.2.2  [ Compiled: Nov 12th 2015 ]
15:56:04  [main] 	You are not running with administrator rights! This will work for
15:56:04  [main] 	most application stuff but whenever you do something with services
15:56:04  [main] 	there will be a security dialogue or things will break! So think 
15:56:04  [main] 	about running this application with administrator rights!
15:56:04  [main] 	XAMPP Installation Directory: "c:\xampp\"
15:56:04  [main] 	Checking for prerequisites
15:56:05  [main] 	All prerequisites found
15:56:05  [main] 	Initializing Modules
15:56:05  [main] 	Starting Check-Timer
15:56:05  [main] 	Control Panel Ready
15:56:07  [Apache] 	Attempting to start Apache app...
15:56:07  [Apache] 	Status change detected: running
16:08:27  [Apache] 	Attempting to stop Apache (PID: 7992)
16:08:27  [Apache] 	Attempting to stop Apache (PID: 1468)
16:08:27  [Apache] 	Status change detected: stopped
16:12:16  [main] 	Deinitializing Modules
16:12:16  [main] 	Deinitializing Control Panel

15:13:58  [main] 	Initializing Control Panel
15:13:58  [main] 	Windows Version:  Pro  64-bit
15:13:58  [main] 	XAMPP Version: 7.1.11
15:13:58  [main] 	Control Panel Version: 3.2.2  [ Compiled: Nov 12th 2015 ]
15:13:58  [main] 	You are not running with administrator rights! This will work for
15:13:58  [main] 	most application stuff but whenever you do something with services
15:13:58  [main] 	there will be a security dialogue or things will break! So think 
15:13:58  [main] 	about running this application with administrator rights!
15:13:58  [main] 	XAMPP Installation Directory: "c:\xampp\"
15:13:58  [main] 	Checking for prerequisites
15:14:07  [main] 	All prerequisites found
15:14:07  [main] 	Initializing Modules
15:14:07  [main] 	Starting Check-Timer
15:14:07  [main] 	Control Panel Ready
15:18:05  [Apache] 	Attempting to start Apache app...
15:18:06  [Apache] 	Status change detected: running
15:18:06  [mysql] 	Attempting to start MySQL app...
15:18:07  [mysql] 	Status change detected: running
15:18:14  [mysql] 	Attempting to stop MySQL app...
15:18:14  [mysql] 	Status change detected: stopped
15:53:01  [mysql] 	Attempting to start MySQL app...
15:53:02  [mysql] 	Status change detected: running
15:53:07  [Apache] 	Attempting to stop Apache (PID: 10744)
15:53:07  [Apache] 	Attempting to stop Apache (PID: 7912)
15:53:07  [Apache] 	Status change detected: stopped
15:53:08  [mysql] 	Attempting to stop MySQL app...
15:53:09  [mysql] 	Status change detected: stopped
15:53:10  [Apache] 	Attempting to start Apache app...
15:53:10  [Apache] 	Status change detected: running
15:55:03  [Apache] 	Attempting to stop Apache (PID: 2376)
15:55:03  [Apache] 	Attempting to stop Apache (PID: 7056)
15:55:04  [Apache] 	Status change detected: stopped
15:56:07  [Apache] 	Status change detected: running
16:08:27  [Apache] 	Status change detected: stopped
16:12:16  [main] 	Deinitializing Modules
16:12:16  [main] 	Deinitializing Control Panel

15:55:58  [main] 	Initializing Control Panel
15:55:58  [main] 	Windows Version:  Pro  64-bit
15:55:58  [main] 	XAMPP Version: 7.1.11
15:55:58  [main] 	Control Panel Version: 3.2.2  [ Compiled: Nov 12th 2015 ]
15:55:58  [main] 	You are not running with administrator rights! This will work for
15:55:58  [main] 	most application stuff but whenever you do something with services
15:55:58  [main] 	there will be a security dialogue or things will break! So think 
15:55:58  [main] 	about running this application with administrator rights!
15:55:58  [main] 	XAMPP Installation Directory: "c:\xampp\"
15:55:58  [main] 	Checking for prerequisites
15:56:04  [main] 	All prerequisites found
15:56:04  [main] 	Initializing Modules
15:56:04  [main] 	Starting Check-Timer
15:56:04  [main] 	Control Panel Ready
15:56:46  [Apache] 	Attempting to start Apache app...
15:56:47  [Apache] 	Status change detected: running
15:56:47  [mysql] 	Attempting to start MySQL app...
15:56:59  [mysql] 	Status change detected: running
18:12:18  [Apache] 	Attempting to stop Apache (PID: 7276)
18:12:18  [Apache] 	Attempting to stop Apache (PID: 1104)
18:12:18  [Apache] 	Status change detected: stopped
18:12:19  [mysql] 	Attempting to stop MySQL app...
18:12:20  [mysql] 	Status change detected: stopped
18:28:53  [main] 	Deinitializing Modules
18:28:53  [main] 	Deinitializing Control Panel

09:51:51  [main] 	Initializing Control Panel
09:51:51  [main] 	Windows Version:  Pro  64-bit
09:51:51  [main] 	XAMPP Version: 7.1.11
09:51:51  [main] 	Control Panel Version: 3.2.2  [ Compiled: Nov 12th 2015 ]
09:51:51  [main] 	You are not running with administrator rights! This will work for
09:51:51  [main] 	most application stuff but whenever you do something with services
09:51:51  [main] 	there will be a security dialogue or things will break! So think 
09:51:51  [main] 	about running this application with administrator rights!
09:51:51  [main] 	XAMPP Installation Directory: "c:\xampp\"
09:51:51  [main] 	Checking for prerequisites
09:51:53  [main] 	All prerequisites found
09:51:53  [main] 	Initializing Modules
09:51:54  [main] 	Starting Check-Timer
09:51:54  [main] 	Control Panel Ready
09:52:01  [Apache] 	Attempting to start Apache app...
09:52:02  [Apache] 	Status change detected: running
09:52:02  [mysql] 	Attempting to start MySQL app...
09:52:22  [mysql] 	Status change detected: running
12:05:09  [Apache] 	Attempting to stop Apache (PID: 7268)
12:05:09  [Apache] 	Attempting to stop Apache (PID: 7908)
12:05:10  [Apache] 	Status change detected: stopped
12:05:10  [mysql] 	Attempting to stop MySQL app...
12:05:11  [mysql] 	Status change detected: stopped
12:05:17  [main] 	Deinitializing Modules
12:05:17  [main] 	Deinitializing Control Panel

22:54:13  [main] 	Initializing Control Panel
22:54:14  [main] 	Windows Version:  Pro  64-bit
22:54:14  [main] 	XAMPP Version: 7.1.11
22:54:14  [main] 	Control Panel Version: 3.2.2  [ Compiled: Nov 12th 2015 ]
22:54:14  [main] 	You are not running with administrator rights! This will work for
22:54:14  [main] 	most application stuff but whenever you do something with services
22:54:14  [main] 	there will be a security dialogue or things will break! So think 
22:54:14  [main] 	about running this application with administrator rights!
22:54:14  [main] 	XAMPP Installation Directory: "c:\xampp\"
22:54:14  [main] 	Checking for prerequisites
22:54:19  [main] 	All prerequisites found
22:54:19  [main] 	Initializing Modules
22:54:19  [main] 	Starting Check-Timer
22:54:19  [main] 	Control Panel Ready
22:54:26  [Apache] 	Attempting to start Apache app...
22:54:26  [Apache] 	Status change detected: running
22:54:27  [mysql] 	Attempting to start MySQL app...
22:54:39  [mysql] 	Status change detected: running
22:56:35  [Apache] 	Attempting to stop Apache (PID: 2216)
22:56:35  [Apache] 	Attempting to stop Apache (PID: 8528)
22:56:36  [Apache] 	Status change detected: stopped
22:56:37  [mysql] 	Attempting to stop MySQL app...
22:56:38  [mysql] 	Status change detected: stopped
23:41:20  [main] 	Deinitializing Modules
23:41:20  [main] 	Deinitializing Control Panel

09:09:58  [main] 	Initializing Control Panel
09:09:58  [main] 	Windows Version:  Pro  64-bit
09:09:58  [main] 	XAMPP Version: 7.1.11
09:09:58  [main] 	Control Panel Version: 3.2.2  [ Compiled: Nov 12th 2015 ]
09:09:58  [main] 	You are not running with administrator rights! This will work for
09:09:58  [main] 	most application stuff but whenever you do something with services
09:09:58  [main] 	there will be a security dialogue or things will break! So think 
09:09:58  [main] 	about running this application with administrator rights!
09:09:58  [main] 	XAMPP Installation Directory: "c:\xampp\"
09:09:58  [main] 	Checking for prerequisites
09:10:01  [main] 	All prerequisites found
09:10:01  [main] 	Initializing Modules
09:10:01  [main] 	Starting Check-Timer
09:10:01  [main] 	Control Panel Ready
09:10:04  [Apache] 	Attempting to start Apache app...
09:10:04  [Apache] 	Status change detected: running
09:10:06  [mysql] 	Attempting to start MySQL app...
09:10:12  [mysql] 	Status change detected: running
09:44:11  [Apache] 	Attempting to stop Apache (PID: 5976)
09:44:11  [Apache] 	Attempting to stop Apache (PID: 6580)
09:44:11  [Apache] 	Status change detected: stopped
09:44:11  [mysql] 	Attempting to stop MySQL app...
09:44:12  [mysql] 	Status change detected: stopped
09:44:13  [mysql] 	Problem detected!
09:44:13  [mysql] 	Port 3306 in use by "Unable to open process"!
09:44:13  [mysql] 	MySQL WILL NOT start without the configured ports free!
09:44:13  [mysql] 	You need to uninstall/disable/reconfigure the blocking application
09:44:13  [mysql] 	or reconfigure MySQL and the Control Panel to listen on a different port
09:44:13  [mysql] 	Attempting to start MySQL app...
09:44:16  [Apache] 	Attempting to start Apache app...
09:44:16  [Apache] 	Status change detected: running
09:44:16  [mysql] 	Status change detected: running
09:44:44  [Apache] 	Attempting to stop Apache (PID: 2156)
09:44:44  [Apache] 	Attempting to stop Apache (PID: 5508)
09:44:45  [Apache] 	Status change detected: stopped
09:44:45  [mysql] 	Attempting to stop MySQL app...
09:44:46  [mysql] 	Status change detected: stopped
09:44:46  [mysql] 	Attempting to start MySQL app...
09:44:49  [Apache] 	Attempting to start Apache app...
09:44:49  [Apache] 	Status change detected: running
09:44:49  [mysql] 	Status change detected: running
12:46:18  [main] 	Deinitializing Modules
12:46:18  [main] 	Deinitializing Control Panel

14:35:14  [main] 	Initializing Control Panel
14:35:14  [main] 	Windows Version:  Pro  64-bit
14:35:14  [main] 	XAMPP Version: 7.1.11
14:35:14  [main] 	Control Panel Version: 3.2.2  [ Compiled: Nov 12th 2015 ]
14:35:14  [main] 	You are not running with administrator rights! This will work for
14:35:14  [main] 	most application stuff but whenever you do something with services
14:35:14  [main] 	there will be a security dialogue or things will break! So think 
14:35:14  [main] 	about running this application with administrator rights!
14:35:14  [main] 	XAMPP Installation Directory: "c:\xampp\"
14:35:14  [main] 	Checking for prerequisites
14:35:14  [main] 	All prerequisites found
14:35:14  [main] 	Initializing Modules
14:35:14  [main] 	Starting Check-Timer
14:35:14  [main] 	Control Panel Ready
14:35:22  [Apache] 	Attempting to start Apache app...
14:35:22  [Apache] 	Status change detected: running
14:35:23  [mysql] 	Attempting to start MySQL app...
14:35:27  [mysql] 	Status change detected: running
14:43:38  [Apache] 	Attempting to stop Apache (PID: 624)
14:43:38  [Apache] 	Attempting to stop Apache (PID: 8336)
14:43:38  [Apache] 	Status change detected: stopped
14:43:38  [mysql] 	Attempting to stop MySQL app...
14:43:39  [mysql] 	Status change detected: stopped
14:43:40  [Apache] 	Attempting to start Apache app...
14:43:40  [Apache] 	Status change detected: running
14:43:41  [mysql] 	Attempting to start MySQL app...
14:43:43  [mysql] 	Status change detected: running
14:46:53  [Apache] 	Attempting to stop Apache (PID: 7896)
14:46:53  [Apache] 	Attempting to stop Apache (PID: 8440)
14:46:53  [Apache] 	Status change detected: stopped
14:46:54  [mysql] 	Attempting to stop MySQL app...
14:46:54  [mysql] 	Status change detected: stopped
14:46:55  [mysql] 	Attempting to start MySQL app...
14:46:57  [Apache] 	Attempting to start Apache app...
14:46:57  [Apache] 	Status change detected: running
14:46:57  [mysql] 	Status change detected: running
14:56:25  [Apache] 	Status change detected: stopped
14:56:25  [Apache] 	Error: Apache shutdown unexpectedly.
14:56:25  [Apache] 	This may be due to a blocked port, missing dependencies, 
14:56:25  [Apache] 	improper privileges, a crash, or a shutdown by another method.
14:56:25  [Apache] 	Press the Logs button to view error logs and check
14:56:25  [Apache] 	the Windows Event Viewer for more clues
14:56:25  [Apache] 	If you need more help, copy and post this
14:56:25  [Apache] 	entire log window on the forums
14:56:25  [mysql] 	Status change detected: stopped
14:56:25  [mysql] 	Error: MySQL shutdown unexpectedly.
14:56:25  [mysql] 	This may be due to a blocked port, missing dependencies, 
14:56:25  [mysql] 	improper privileges, a crash, or a shutdown by another method.
14:56:25  [mysql] 	Press the Logs button to view error logs and check
14:56:25  [mysql] 	the Windows Event Viewer for more clues
14:56:25  [mysql] 	If you need more help, copy and post this
14:56:25  [mysql] 	entire log window on the forums
14:56:28  [Apache] 	Status change detected: running
14:56:30  [mysql] 	Status change detected: running
16:50:29  [Apache] 	Status change detected: stopped
16:50:29  [Apache] 	Error: Apache shutdown unexpectedly.
16:50:29  [Apache] 	This may be due to a blocked port, missing dependencies, 
16:50:29  [Apache] 	improper privileges, a crash, or a shutdown by another method.
16:50:29  [Apache] 	Press the Logs button to view error logs and check
16:50:29  [Apache] 	the Windows Event Viewer for more clues
16:50:29  [Apache] 	If you need more help, copy and post this
16:50:29  [Apache] 	entire log window on the forums
16:50:30  [mysql] 	Status change detected: stopped
16:50:30  [mysql] 	Error: MySQL shutdown unexpectedly.
16:50:30  [mysql] 	This may be due to a blocked port, missing dependencies, 
16:50:30  [mysql] 	improper privileges, a crash, or a shutdown by another method.
16:50:30  [mysql] 	Press the Logs button to view error logs and check
16:50:30  [mysql] 	the Windows Event Viewer for more clues
16:50:30  [mysql] 	If you need more help, copy and post this
16:50:30  [mysql] 	entire log window on the forums
16:50:43  [main] 	Deinitializing Modules
16:50:43  [main] 	Deinitializing Control Panel

18:17:49  [main] 	Initializing Control Panel
18:17:49  [main] 	Windows Version:  Pro  64-bit
18:17:49  [main] 	XAMPP Version: 7.1.11
18:17:49  [main] 	Control Panel Version: 3.2.2  [ Compiled: Nov 12th 2015 ]
18:17:49  [main] 	You are not running with administrator rights! This will work for
18:17:49  [main] 	most application stuff but whenever you do something with services
18:17:49  [main] 	there will be a security dialogue or things will break! So think 
18:17:49  [main] 	about running this application with administrator rights!
18:17:49  [main] 	XAMPP Installation Directory: "c:\xampp\"
18:17:49  [main] 	Checking for prerequisites
18:17:51  [main] 	All prerequisites found
18:17:51  [main] 	Initializing Modules
18:17:51  [main] 	Starting Check-Timer
18:17:51  [main] 	Control Panel Ready
18:17:54  [Apache] 	Attempting to start Apache app...
18:17:54  [Apache] 	Status change detected: running
18:17:54  [mysql] 	Attempting to start MySQL app...
18:17:58  [mysql] 	Status change detected: running
19:11:38  [Apache] 	Attempting to stop Apache (PID: 5076)
19:11:38  [Apache] 	Attempting to stop Apache (PID: 7836)
19:11:38  [Apache] 	Status change detected: stopped
19:11:39  [mysql] 	Attempting to stop MySQL app...
19:11:39  [mysql] 	Status change detected: stopped
19:12:04  [main] 	Deinitializing Modules
19:12:04  [main] 	Deinitializing Control Panel

